#
# There is insufficient memory for the Java Runtime Environment to continue.
# Native memory allocation (malloc) failed to allocate 2773296 bytes. Error detail: Chunk::new
# Possible reasons:
#   The system is out of physical RAM or swap space
#   This process is running with CompressedOops enabled, and the Java Heap may be blocking the growth of the native heap
# Possible solutions:
#   Reduce memory load on the system
#   Increase physical memory or swap space
#   Check if swap backing store is full
#   Decrease Java heap size (-Xmx/-Xms)
#   Decrease number of Java threads
#   Decrease Java thread stack sizes (-Xss)
#   Set larger code cache with -XX:ReservedCodeCacheSize=
#   JVM is running with Unscaled Compressed Oops mode in which the Java heap is
#     placed in the first 4GB address space. The Java Heap base address is the
#     maximum limit for the native heap growth. Please use -XX:HeapBaseMinAddress
#     to set the Java Heap base and to place the Java Heap above 4GB virtual address.
# This output file may be truncated or incomplete.
#
#  Out of Memory Error (arena.cpp:168), pid=12432, tid=8944
#
# JRE version: OpenJDK Runtime Environment Temurin-21.0.6+7 (21.0.6+7) (build 21.0.6+7-LTS)
# Java VM: OpenJDK 64-Bit Server VM Temurin-21.0.6+7 (21.0.6+7-LTS, mixed mode, sharing, tiered, compressed oops, compressed class ptrs, parallel gc, windows-amd64)
# No core dump will be written. Minidumps are not enabled by default on client versions of Windows
#

---------------  S U M M A R Y ------------

Command Line: --add-modules=ALL-SYSTEM --add-opens=java.base/java.util=ALL-UNNAMED --add-opens=java.base/java.lang=ALL-UNNAMED --add-opens=java.base/sun.nio.fs=ALL-UNNAMED -Declipse.application=org.eclipse.jdt.ls.core.id1 -Dosgi.bundles.defaultStartLevel=4 -Declipse.product=org.eclipse.jdt.ls.core.product -Djava.import.generatesMetadataFilesAtProjectRoot=false -DDetectVMInstallationsJob.disabled=true -Dfile.encoding=utf8 -XX:+UseParallelGC -XX:GCTimeRatio=4 -XX:AdaptiveSizePolicyWeight=90 -Dsun.zip.disableMemoryMapping=true -Xmx1G -Xms100m -Xlog:disable -javaagent:c:\Users\adithya\.vscode\extensions\redhat.java-1.41.0-win32-x64\lombok\lombok-1.18.36.jar -XX:+HeapDumpOnOutOfMemoryError -XX:HeapDumpPath=c:\Users\adithya\AppData\Roaming\Code\User\workspaceStorage\a4de8c08ad26d0e8134a18c52f79ac08\redhat.java -Daether.dependencyCollector.impl=bf c:\Users\adithya\.vscode\extensions\redhat.java-1.41.0-win32-x64\server\plugins\org.eclipse.equinox.launcher_1.6.1100.v20250306-0509.jar -configuration c:\Users\adithya\AppData\Roaming\Code\User\globalStorage\redhat.java\1.41.0\config_win -data c:\Users\adithya\AppData\Roaming\Code\User\workspaceStorage\a4de8c08ad26d0e8134a18c52f79ac08\redhat.java\jdt_ws --pipe=\\.\pipe\lsp-942e30c57de688ecc7e1be377a7e8d1d-sock

Host: 11th Gen Intel(R) Core(TM) i3-1115G4 @ 3.00GHz, 4 cores, 3G,  Windows 11 , 64 bit Build 22621 (10.0.22621.4391)
Time: Sat Mar 29 15:17:50 2025 Sri Lanka Standard Time elapsed time: 861.599125 seconds (0d 0h 14m 21s)

---------------  T H R E A D  ---------------

Current thread (0x000001fde514dfe0):  JavaThread "C2 CompilerThread0" daemon [_thread_in_native, id=8944, stack(0x0000004e4ad00000,0x0000004e4ae00000) (1024K)]


Current CompileTask:
C2:861599 21424 % !   4       org.eclipse.jdt.internal.core.ClassFileInfo::generateMethodInfos @ 574 (750 bytes)

Stack: [0x0000004e4ad00000,0x0000004e4ae00000]
Native frames: (J=compiled Java code, j=interpreted, Vv=VM code, C=native code)
V  [jvm.dll+0x6cdee9]
V  [jvm.dll+0x8a83d1]
V  [jvm.dll+0x8aa8fe]
V  [jvm.dll+0x8aafe3]
V  [jvm.dll+0x27f706]
V  [jvm.dll+0xc500d]
V  [jvm.dll+0xc5543]
V  [jvm.dll+0x3b6752]
V  [jvm.dll+0x1e0009]
V  [jvm.dll+0x247b42]
V  [jvm.dll+0x246fcf]
V  [jvm.dll+0x1c75ee]
V  [jvm.dll+0x25685a]
V  [jvm.dll+0x254dfa]
V  [jvm.dll+0x3f0256]
V  [jvm.dll+0x851f8b]
V  [jvm.dll+0x6cc5ed]
C  [ucrtbase.dll+0x29333]
C  [KERNEL32.DLL+0x1259d]
C  [ntdll.dll+0x5af38]


---------------  P R O C E S S  ---------------

Threads class SMR info:
_java_thread_list=0x000001fdeb1975a0, length=39, elements={
0x000001fd8fdbfc10, 0x000001fde513b130, 0x000001fde513db10, 0x000001fde5141770,
0x000001fde51423c0, 0x000001fde5143010, 0x000001fde5143c60, 0x000001fde514dfe0,
0x000001fde5178a20, 0x000001fdea043000, 0x000001fdea295640, 0x000001fdea79a040,
0x000001fdea242390, 0x000001fdea8b96e0, 0x000001fdea77f3f0, 0x000001fdeafeaf80,
0x000001fdeaa93470, 0x000001fde51833a0, 0x000001fde5186820, 0x000001fde5185b00,
0x000001fde5186190, 0x000001fdeb9a2710, 0x000001fdeb9a4150, 0x000001fdeb9a6f40,
0x000001fdeb9a82f0, 0x000001fdeb9a3ac0, 0x000001fdeb9a9010, 0x000001fdeb9a75d0,
0x000001fdeb9a7c60, 0x000001fded71e060, 0x000001fded71c620, 0x000001fded71ccb0,
0x000001fdec72e640, 0x000001fdea5fb830, 0x000001fdea5fdf90, 0x000001fdea5fbec0,
0x000001fdea601410, 0x000001fdea5fe620, 0x000001fdec730da0
}

Java Threads: ( => current thread )
  0x000001fd8fdbfc10 JavaThread "main"                              [_thread_blocked, id=19324, stack(0x0000004e4a300000,0x0000004e4a400000) (1024K)]
  0x000001fde513b130 JavaThread "Reference Handler"          daemon [_thread_blocked, id=20644, stack(0x0000004e4a700000,0x0000004e4a800000) (1024K)]
  0x000001fde513db10 JavaThread "Finalizer"                  daemon [_thread_blocked, id=21708, stack(0x0000004e4a800000,0x0000004e4a900000) (1024K)]
  0x000001fde5141770 JavaThread "Signal Dispatcher"          daemon [_thread_blocked, id=9912, stack(0x0000004e4a900000,0x0000004e4aa00000) (1024K)]
  0x000001fde51423c0 JavaThread "Attach Listener"            daemon [_thread_blocked, id=10604, stack(0x0000004e4aa00000,0x0000004e4ab00000) (1024K)]
  0x000001fde5143010 JavaThread "Service Thread"             daemon [_thread_blocked, id=7160, stack(0x0000004e4ab00000,0x0000004e4ac00000) (1024K)]
  0x000001fde5143c60 JavaThread "Monitor Deflation Thread"   daemon [_thread_blocked, id=5912, stack(0x0000004e4ac00000,0x0000004e4ad00000) (1024K)]
=>0x000001fde514dfe0 JavaThread "C2 CompilerThread0"         daemon [_thread_in_native, id=8944, stack(0x0000004e4ad00000,0x0000004e4ae00000) (1024K)]
  0x000001fde5178a20 JavaThread "C1 CompilerThread0"         daemon [_thread_blocked, id=8148, stack(0x0000004e4ae00000,0x0000004e4af00000) (1024K)]
  0x000001fdea043000 JavaThread "Common-Cleaner"             daemon [_thread_blocked, id=11140, stack(0x0000004e4af00000,0x0000004e4b000000) (1024K)]
  0x000001fdea295640 JavaThread "Notification Thread"        daemon [_thread_blocked, id=17072, stack(0x0000004e4b000000,0x0000004e4b100000) (1024K)]
  0x000001fdea79a040 JavaThread "Active Thread: Equinox Container: 59c6aa9e-1735-46dc-8a86-61bbf94fb274"        [_thread_blocked, id=22472, stack(0x0000004e4b400000,0x0000004e4b500000) (1024K)]
  0x000001fdea242390 JavaThread "Refresh Thread: Equinox Container: 59c6aa9e-1735-46dc-8a86-61bbf94fb274" daemon [_thread_blocked, id=19076, stack(0x0000004e4b500000,0x0000004e4b600000) (1024K)]
  0x000001fdea8b96e0 JavaThread "Framework Event Dispatcher: Equinox Container: 59c6aa9e-1735-46dc-8a86-61bbf94fb274" daemon [_thread_blocked, id=21352, stack(0x0000004e4b600000,0x0000004e4b700000) (1024K)]
  0x000001fdea77f3f0 JavaThread "Start Level: Equinox Container: 59c6aa9e-1735-46dc-8a86-61bbf94fb274" daemon [_thread_blocked, id=20224, stack(0x0000004e4b700000,0x0000004e4b800000) (1024K)]
  0x000001fdeafeaf80 JavaThread "Bundle File Closer"         daemon [_thread_blocked, id=10624, stack(0x0000004e4b800000,0x0000004e4b900000) (1024K)]
  0x000001fdeaa93470 JavaThread "SCR Component Actor"        daemon [_thread_blocked, id=9112, stack(0x0000004e4b900000,0x0000004e4ba00000) (1024K)]
  0x000001fde51833a0 JavaThread "Worker-JM"                         [_thread_blocked, id=20736, stack(0x0000004e4bb00000,0x0000004e4bc00000) (1024K)]
  0x000001fde5186820 JavaThread "Java indexing"              daemon [_thread_blocked, id=22340, stack(0x0000004e4ba00000,0x0000004e4bb00000) (1024K)]
  0x000001fde5185b00 JavaThread "JNA Cleaner"                daemon [_thread_blocked, id=5772, stack(0x0000004e4a100000,0x0000004e4a200000) (1024K)]
  0x000001fde5186190 JavaThread "Thread-2"                   daemon [_thread_in_native, id=7552, stack(0x0000004e4c000000,0x0000004e4c100000) (1024K)]
  0x000001fdeb9a2710 JavaThread "Thread-3"                   daemon [_thread_in_native, id=7276, stack(0x0000004e4c100000,0x0000004e4c200000) (1024K)]
  0x000001fdeb9a4150 JavaThread "Thread-4"                   daemon [_thread_in_native, id=17352, stack(0x0000004e4c200000,0x0000004e4c300000) (1024K)]
  0x000001fdeb9a6f40 JavaThread "Thread-5"                   daemon [_thread_in_native, id=15152, stack(0x0000004e4c300000,0x0000004e4c400000) (1024K)]
  0x000001fdeb9a82f0 JavaThread "Thread-6"                   daemon [_thread_in_native, id=18576, stack(0x0000004e4c400000,0x0000004e4c500000) (1024K)]
  0x000001fdeb9a3ac0 JavaThread "pool-2-thread-1"                   [_thread_blocked, id=20328, stack(0x0000004e4c500000,0x0000004e4c600000) (1024K)]
  0x000001fdeb9a9010 JavaThread "WorkspaceEventsHandler"            [_thread_blocked, id=18900, stack(0x0000004e4c600000,0x0000004e4c700000) (1024K)]
  0x000001fdeb9a75d0 JavaThread "pool-1-thread-1"                   [_thread_blocked, id=18208, stack(0x0000004e4c700000,0x0000004e4c800000) (1024K)]
  0x000001fdeb9a7c60 JavaThread "Compiler Source File Reader" daemon [_thread_blocked, id=20992, stack(0x0000004e4ca00000,0x0000004e4cb00000) (1024K)]
  0x000001fded71e060 JavaThread "Compiler Source File Reader" daemon [_thread_blocked, id=19576, stack(0x0000004e4cf00000,0x0000004e4d000000) (1024K)]
  0x000001fded71c620 JavaThread "ForkJoinPool.commonPool-worker-1" daemon [_thread_blocked, id=12080, stack(0x0000004e4d200000,0x0000004e4d300000) (1024K)]
  0x000001fded71ccb0 JavaThread "ForkJoinPool.commonPool-worker-3" daemon [_thread_blocked, id=19812, stack(0x0000004e4d400000,0x0000004e4d500000) (1024K)]
  0x000001fdec72e640 JavaThread "Cleaner-0"                  daemon [_thread_blocked, id=22484, stack(0x0000004e4c800000,0x0000004e4c900000) (1024K)]
  0x000001fdea5fb830 JavaThread "Java Debug Server"          daemon [_thread_in_native, id=4012, stack(0x0000004e4a000000,0x0000004e4a100000) (1024K)]
  0x000001fdea5fdf90 JavaThread "RxSchedulerPurge-1"         daemon [_thread_blocked, id=19964, stack(0x0000004e4d000000,0x0000004e4d100000) (1024K)]
  0x000001fdea5fbec0 JavaThread "RxCachedWorkerPoolEvictor-1" daemon [_thread_blocked, id=19888, stack(0x0000004e4d500000,0x0000004e4d600000) (1024K)]
  0x000001fdea601410 JavaThread "ForkJoinPool.commonPool-worker-4" daemon [_thread_blocked, id=22388, stack(0x0000004e4bd00000,0x0000004e4be00000) (1024K)]
  0x000001fdea5fe620 JavaThread "Worker-16"                         [_thread_blocked, id=19672, stack(0x0000004e4bc00000,0x0000004e4bd00000) (1024K)]
  0x000001fdec730da0 JavaThread "Worker-21"                         [_thread_blocked, id=12320, stack(0x0000004e4d100000,0x0000004e4d200000) (1024K)]
Total: 39

Other Threads:
  0x000001fd8fe7ebd0 VMThread "VM Thread"                           [id=2264, stack(0x0000004e4a600000,0x0000004e4a700000) (1024K)]
  0x000001fd8fe2ad20 WatcherThread "VM Periodic Task Thread"        [id=5192, stack(0x0000004e4a500000,0x0000004e4a600000) (1024K)]
  0x000001fd8fddd8f0 WorkerThread "GC Thread#0"                     [id=18876, stack(0x0000004e4a400000,0x0000004e4a500000) (1024K)]
  0x000001fdea457890 WorkerThread "GC Thread#1"                     [id=13244, stack(0x0000004e4b100000,0x0000004e4b200000) (1024K)]
  0x000001fdea65dac0 WorkerThread "GC Thread#2"                     [id=6844, stack(0x0000004e4b200000,0x0000004e4b300000) (1024K)]
  0x000001fdea65de60 WorkerThread "GC Thread#3"                     [id=18424, stack(0x0000004e4b300000,0x0000004e4b400000) (1024K)]
Total: 6

Threads with active compile tasks:
C2 CompilerThread0  861672 21424 % !   4       org.eclipse.jdt.internal.core.ClassFileInfo::generateMethodInfos @ 574 (750 bytes)
Total: 1

VM state: not at safepoint (normal execution)

VM Mutex/Monitor currently owned by a thread: None

Heap address: 0x00000000c0000000, size: 1024 MB, Compressed Oops mode: 32-bit

CDS archive(s) mapped at: [0x000001fda4000000-0x000001fda4ba0000-0x000001fda4ba0000), size 12189696, SharedBaseAddress: 0x000001fda4000000, ArchiveRelocationMode: 1.
Compressed class space mapped at: 0x000001fda5000000-0x000001fde5000000, reserved size: 1073741824
Narrow klass base: 0x000001fda4000000, Narrow klass shift: 0, Narrow klass range: 0x100000000

GC Precious Log:
 CardTable entry size: 512
 CPUs: 4 total, 4 available
 Memory: 3830M
 Large Page Support: Disabled
 NUMA Support: Disabled
 Compressed Oops: Enabled (32-bit)
 Alignments: Space 512K, Generation 512K, Heap 2M
 Heap Min Capacity: 100M
 Heap Initial Capacity: 100M
 Heap Max Capacity: 1G
 Pre-touch: Disabled
 Parallel Workers: 4

Heap:
 PSYoungGen      total 5632K, used 1649K [0x00000000eab00000, 0x00000000eb800000, 0x0000000100000000)
  eden space 5120K, 22% used [0x00000000eab00000,0x00000000eac23580,0x00000000eb000000)
  from space 512K, 94% used [0x00000000eb780000,0x00000000eb7f9210,0x00000000eb800000)
  to   space 1024K, 0% used [0x00000000eb600000,0x00000000eb600000,0x00000000eb700000)
 ParOldGen       total 590336K, used 590188K [0x00000000c0000000, 0x00000000e4080000, 0x00000000eab00000)
  object space 590336K, 99% used [0x00000000c0000000,0x00000000e405b048,0x00000000e4080000)
 Metaspace       used 95492K, committed 97344K, reserved 1179648K
  class space    used 9829K, committed 10688K, reserved 1048576K

Card table byte_map: [0x000001fd8f760000,0x000001fd8f970000] _byte_map_base: 0x000001fd8f160000

Marking Bits: (ParMarkBitMap*) 0x00007fff7a603260
 Begin Bits: [0x000001fda1fb0000, 0x000001fda2fb0000)
 End Bits:   [0x000001fda2fb0000, 0x000001fda3fb0000)

Polling page: 0x000001fd8dc90000

Metaspace:

Usage:
  Non-class:     83.65 MB used.
      Class:      9.60 MB used.
       Both:     93.25 MB used.

Virtual space:
  Non-class space:      128.00 MB reserved,      84.62 MB ( 66%) committed,  2 nodes.
      Class space:        1.00 GB reserved,      10.44 MB (  1%) committed,  1 nodes.
             Both:        1.12 GB reserved,      95.06 MB (  8%) committed. 

Chunk freelists:
   Non-Class:  11.03 MB
       Class:  5.61 MB
        Both:  16.64 MB

MaxMetaspaceSize: unlimited
CompressedClassSpaceSize: 1.00 GB
Initial GC threshold: 21.00 MB
Current GC threshold: 150.12 MB
CDS: on
 - commit_granule_bytes: 65536.
 - commit_granule_words: 8192.
 - virtual_space_node_default_size: 8388608.
 - enlarge_chunks_in_place: 1.
 - use_allocation_guard: 0.


Internal statistics:

num_allocs_failed_limit: 9.
num_arena_births: 1800.
num_arena_deaths: 30.
num_vsnodes_births: 3.
num_vsnodes_deaths: 0.
num_space_committed: 1521.
num_space_uncommitted: 0.
num_chunks_returned_to_freelist: 44.
num_chunks_taken_from_freelist: 6455.
num_chunk_merges: 15.
num_chunk_splits: 3868.
num_chunks_enlarged: 2095.
num_inconsistent_stats: 0.

CodeHeap 'non-profiled nmethods': size=120000Kb used=16697Kb max_used=17024Kb free=103302Kb
 bounds [0x000001fd9aa80000, 0x000001fd9bb50000, 0x000001fda1fb0000]
CodeHeap 'profiled nmethods': size=120000Kb used=37216Kb max_used=41536Kb free=82784Kb
 bounds [0x000001fd92fb0000, 0x000001fd95850000, 0x000001fd9a4e0000]
CodeHeap 'non-nmethods': size=5760Kb used=1560Kb max_used=1620Kb free=4199Kb
 bounds [0x000001fd9a4e0000, 0x000001fd9a750000, 0x000001fd9aa80000]
 total_blobs=16571 nmethods=15687 adapters=786
 compilation: enabled
              stopped_count=0, restarted_count=0
 full_count=0

Compilation events (20 events):
Event: 859.159 Thread 0x000001fde514dfe0 nmethod 21415 0x000001fd9af78510 code [0x000001fd9af786a0, 0x000001fd9af78730]
Event: 859.513 Thread 0x000001fde514dfe0 21416       4       java.util.stream.ReferencePipeline::collect (124 bytes)
Event: 859.657 Thread 0x000001fde514dfe0 nmethod 21416 0x000001fd9b308390 code [0x000001fd9b308640, 0x000001fd9b309278]
Event: 859.657 Thread 0x000001fde514dfe0 21417       4       java.util.stream.ReduceOps$3::getOpFlags (28 bytes)
Event: 859.659 Thread 0x000001fde514dfe0 nmethod 21417 0x000001fd9b7d4410 code [0x000001fd9b7d45c0, 0x000001fd9b7d4780]
Event: 859.660 Thread 0x000001fde514dfe0 21418       4       org.eclipse.jdt.internal.compiler.lookup.LookupEnvironment::createBinaryTypeFrom (106 bytes)
Event: 859.717 Thread 0x000001fde5178a20 21419       3       org.eclipse.jdt.internal.compiler.lookup.MethodBinding::isProtected (13 bytes)
Event: 859.718 Thread 0x000001fde5178a20 nmethod 21419 0x000001fd93cba890 code [0x000001fd93cbaa40, 0x000001fd93cbabb8]
Event: 859.718 Thread 0x000001fde5178a20 21420       3       org.eclipse.jdt.internal.compiler.impl.IrritantSet::isAnySet (39 bytes)
Event: 859.735 Thread 0x000001fde5178a20 nmethod 21420 0x000001fd94230f90 code [0x000001fd94231160, 0x000001fd94231448]
Event: 860.212 Thread 0x000001fde514dfe0 nmethod 21418 0x000001fd9aef8c90 code [0x000001fd9aef8fc0, 0x000001fd9aefaaa8]
Event: 860.239 Thread 0x000001fde5178a20 21421       3       org.eclipse.jdt.core.dom.ASTConverter::convert (57 bytes)
Event: 860.240 Thread 0x000001fde514dfe0 21422       4       org.eclipse.jdt.core.dom.SimpleName::internalSetIdentifier (20 bytes)
Event: 860.255 Thread 0x000001fde5178a20 nmethod 21421 0x000001fd93d9fa10 code [0x000001fd93d9fc20, 0x000001fd93da0040]
Event: 860.266 Thread 0x000001fde514dfe0 nmethod 21422 0x000001fd9b1e1210 code [0x000001fd9b1e1420, 0x000001fd9b1e2178]
Event: 860.267 Thread 0x000001fde514dfe0 21423  s    4       org.eclipse.jdt.core.dom.DefaultBindingResolver::recordScope (13 bytes)
Event: 860.289 Thread 0x000001fde514dfe0 nmethod 21423 0x000001fd9b3cee10 code [0x000001fd9b3cf020, 0x000001fd9b3cf9c8]
Event: 860.308 Thread 0x000001fde514dfe0 21424 % !   4       org.eclipse.jdt.internal.core.ClassFileInfo::generateMethodInfos @ 574 (750 bytes)
Event: 860.673 Thread 0x000001fde5178a20 21425       3       lombok.eclipse.agent.PatchDelegate$EclipseOnlyMethods::getGeneratedMethods (72 bytes)
Event: 860.726 Thread 0x000001fde5178a20 nmethod 21425 0x000001fd94b60a90 code [0x000001fd94b60d40, 0x000001fd94b61ec0]

GC Heap History (20 events):
Event: 762.997 GC heap before
{Heap before GC invocations=1558 (full 6):
 PSYoungGen      total 6144K, used 5610K [0x00000000eab00000, 0x00000000eb280000, 0x0000000100000000)
  eden space 5120K, 99% used [0x00000000eab00000,0x00000000eaffab30,0x00000000eb000000)
  from space 1024K, 50% used [0x00000000eb100000,0x00000000eb180000,0x00000000eb200000)
  to   space 1024K, 0% used [0x00000000eb000000,0x00000000eb000000,0x00000000eb100000)
 ParOldGen       total 538112K, used 537672K [0x00000000c0000000, 0x00000000e0d80000, 0x00000000eab00000)
  object space 538112K, 99% used [0x00000000c0000000,0x00000000e0d12028,0x00000000e0d80000)
 Metaspace       used 95432K, committed 97280K, reserved 1179648K
  class space    used 9827K, committed 10688K, reserved 1048576K
}
Event: 763.008 GC heap after
{Heap after GC invocations=1558 (full 6):
 PSYoungGen      total 6144K, used 1014K [0x00000000eab00000, 0x00000000eb400000, 0x0000000100000000)
  eden space 5120K, 0% used [0x00000000eab00000,0x00000000eab00000,0x00000000eb000000)
  from space 1024K, 99% used [0x00000000eb000000,0x00000000eb0fd970,0x00000000eb100000)
  to   space 2048K, 0% used [0x00000000eb200000,0x00000000eb200000,0x00000000eb400000)
 ParOldGen       total 538624K, used 538196K [0x00000000c0000000, 0x00000000e0e00000, 0x00000000eab00000)
  object space 538624K, 99% used [0x00000000c0000000,0x00000000e0d95058,0x00000000e0e00000)
 Metaspace       used 95432K, committed 97280K, reserved 1179648K
  class space    used 9827K, committed 10688K, reserved 1048576K
}
Event: 765.014 GC heap before
{Heap before GC invocations=1559 (full 6):
 PSYoungGen      total 6144K, used 6134K [0x00000000eab00000, 0x00000000eb400000, 0x0000000100000000)
  eden space 5120K, 100% used [0x00000000eab00000,0x00000000eb000000,0x00000000eb000000)
  from space 1024K, 99% used [0x00000000eb000000,0x00000000eb0fd970,0x00000000eb100000)
  to   space 2048K, 0% used [0x00000000eb200000,0x00000000eb200000,0x00000000eb400000)
 ParOldGen       total 538624K, used 538196K [0x00000000c0000000, 0x00000000e0e00000, 0x00000000eab00000)
  object space 538624K, 99% used [0x00000000c0000000,0x00000000e0d95058,0x00000000e0e00000)
 Metaspace       used 95456K, committed 97344K, reserved 1179648K
  class space    used 9828K, committed 10688K, reserved 1048576K
}
Event: 765.108 GC heap after
{Heap after GC invocations=1559 (full 6):
 PSYoungGen      total 7168K, used 1540K [0x00000000eab00000, 0x00000000eb400000, 0x0000000100000000)
  eden space 5120K, 0% used [0x00000000eab00000,0x00000000eab00000,0x00000000eb000000)
  from space 2048K, 75% used [0x00000000eb200000,0x00000000eb3810d0,0x00000000eb400000)
  to   space 2048K, 0% used [0x00000000eb000000,0x00000000eb000000,0x00000000eb200000)
 ParOldGen       total 539136K, used 538744K [0x00000000c0000000, 0x00000000e0e80000, 0x00000000eab00000)
  object space 539136K, 99% used [0x00000000c0000000,0x00000000e0e1e288,0x00000000e0e80000)
 Metaspace       used 95456K, committed 97344K, reserved 1179648K
  class space    used 9828K, committed 10688K, reserved 1048576K
}
Event: 766.757 GC heap before
{Heap before GC invocations=1560 (full 6):
 PSYoungGen      total 7168K, used 6660K [0x00000000eab00000, 0x00000000eb400000, 0x0000000100000000)
  eden space 5120K, 100% used [0x00000000eab00000,0x00000000eb000000,0x00000000eb000000)
  from space 2048K, 75% used [0x00000000eb200000,0x00000000eb3810d0,0x00000000eb400000)
  to   space 2048K, 0% used [0x00000000eb000000,0x00000000eb000000,0x00000000eb200000)
 ParOldGen       total 539136K, used 538744K [0x00000000c0000000, 0x00000000e0e80000, 0x00000000eab00000)
  object space 539136K, 99% used [0x00000000c0000000,0x00000000e0e1e288,0x00000000e0e80000)
 Metaspace       used 95456K, committed 97344K, reserved 1179648K
  class space    used 9828K, committed 10688K, reserved 1048576K
}
Event: 766.773 GC heap after
{Heap after GC invocations=1560 (full 6):
 PSYoungGen      total 7168K, used 2048K [0x00000000eab00000, 0x00000000ebe00000, 0x0000000100000000)
  eden space 5120K, 0% used [0x00000000eab00000,0x00000000eab00000,0x00000000eb000000)
  from space 2048K, 100% used [0x00000000eb000000,0x00000000eb200000,0x00000000eb200000)
  to   space 7168K, 0% used [0x00000000eb700000,0x00000000eb700000,0x00000000ebe00000)
 ParOldGen       total 543232K, used 542904K [0x00000000c0000000, 0x00000000e1280000, 0x00000000eab00000)
  object space 543232K, 99% used [0x00000000c0000000,0x00000000e122e378,0x00000000e1280000)
 Metaspace       used 95456K, committed 97344K, reserved 1179648K
  class space    used 9828K, committed 10688K, reserved 1048576K
}
Event: 767.168 GC heap before
{Heap before GC invocations=1561 (full 6):
 PSYoungGen      total 7168K, used 7168K [0x00000000eab00000, 0x00000000ebe00000, 0x0000000100000000)
  eden space 5120K, 100% used [0x00000000eab00000,0x00000000eb000000,0x00000000eb000000)
  from space 2048K, 100% used [0x00000000eb000000,0x00000000eb200000,0x00000000eb200000)
  to   space 7168K, 0% used [0x00000000eb700000,0x00000000eb700000,0x00000000ebe00000)
 ParOldGen       total 543232K, used 542904K [0x00000000c0000000, 0x00000000e1280000, 0x00000000eab00000)
  object space 543232K, 99% used [0x00000000c0000000,0x00000000e122e378,0x00000000e1280000)
 Metaspace       used 95456K, committed 97344K, reserved 1179648K
  class space    used 9828K, committed 10688K, reserved 1048576K
}
Event: 767.178 GC heap after
{Heap after GC invocations=1561 (full 6):
 PSYoungGen      total 10240K, used 4776K [0x00000000eab00000, 0x00000000ebc00000, 0x0000000100000000)
  eden space 5120K, 0% used [0x00000000eab00000,0x00000000eab00000,0x00000000eb000000)
  from space 5120K, 93% used [0x00000000eb700000,0x00000000ebbaa000,0x00000000ebc00000)
  to   space 5632K, 0% used [0x00000000eb100000,0x00000000eb100000,0x00000000eb680000)
 ParOldGen       total 545280K, used 544956K [0x00000000c0000000, 0x00000000e1480000, 0x00000000eab00000)
  object space 545280K, 99% used [0x00000000c0000000,0x00000000e142f388,0x00000000e1480000)
 Metaspace       used 95456K, committed 97344K, reserved 1179648K
  class space    used 9828K, committed 10688K, reserved 1048576K
}
Event: 767.563 GC heap before
{Heap before GC invocations=1562 (full 6):
 PSYoungGen      total 10240K, used 9896K [0x00000000eab00000, 0x00000000ebc00000, 0x0000000100000000)
  eden space 5120K, 100% used [0x00000000eab00000,0x00000000eb000000,0x00000000eb000000)
  from space 5120K, 93% used [0x00000000eb700000,0x00000000ebbaa000,0x00000000ebc00000)
  to   space 5632K, 0% used [0x00000000eb100000,0x00000000eb100000,0x00000000eb680000)
 ParOldGen       total 577024K, used 575676K [0x00000000c0000000, 0x00000000e3380000, 0x00000000eab00000)
  object space 577024K, 99% used [0x00000000c0000000,0x00000000e322f3b8,0x00000000e3380000)
 Metaspace       used 95457K, committed 97344K, reserved 1179648K
  class space    used 9828K, committed 10688K, reserved 1048576K
}
Event: 767.576 GC heap after
{Heap after GC invocations=1562 (full 6):
 PSYoungGen      total 10752K, used 5607K [0x00000000eab00000, 0x00000000ec200000, 0x0000000100000000)
  eden space 5120K, 0% used [0x00000000eab00000,0x00000000eab00000,0x00000000eb000000)
  from space 5632K, 99% used [0x00000000eb100000,0x00000000eb679c90,0x00000000eb680000)
  to   space 9216K, 0% used [0x00000000eb900000,0x00000000eb900000,0x00000000ec200000)
 ParOldGen       total 578560K, used 578252K [0x00000000c0000000, 0x00000000e3500000, 0x00000000eab00000)
  object space 578560K, 99% used [0x00000000c0000000,0x00000000e34b33b8,0x00000000e3500000)
 Metaspace       used 95457K, committed 97344K, reserved 1179648K
  class space    used 9828K, committed 10688K, reserved 1048576K
}
Event: 769.095 GC heap before
{Heap before GC invocations=1563 (full 6):
 PSYoungGen      total 10752K, used 10727K [0x00000000eab00000, 0x00000000ec200000, 0x0000000100000000)
  eden space 5120K, 100% used [0x00000000eab00000,0x00000000eb000000,0x00000000eb000000)
  from space 5632K, 99% used [0x00000000eb100000,0x00000000eb679c90,0x00000000eb680000)
  to   space 9216K, 0% used [0x00000000eb900000,0x00000000eb900000,0x00000000ec200000)
 ParOldGen       total 578560K, used 578252K [0x00000000c0000000, 0x00000000e3500000, 0x00000000eab00000)
  object space 578560K, 99% used [0x00000000c0000000,0x00000000e34b33b8,0x00000000e3500000)
 Metaspace       used 95459K, committed 97344K, reserved 1179648K
  class space    used 9828K, committed 10688K, reserved 1048576K
}
Event: 769.110 GC heap after
{Heap after GC invocations=1563 (full 6):
 PSYoungGen      total 9216K, used 3616K [0x00000000eab00000, 0x00000000ebd00000, 0x0000000100000000)
  eden space 5120K, 0% used [0x00000000eab00000,0x00000000eab00000,0x00000000eb000000)
  from space 4096K, 88% used [0x00000000eb900000,0x00000000ebc88000,0x00000000ebd00000)
  to   space 5632K, 0% used [0x00000000eb200000,0x00000000eb200000,0x00000000eb780000)
 ParOldGen       total 584192K, used 583900K [0x00000000c0000000, 0x00000000e3a80000, 0x00000000eab00000)
  object space 584192K, 99% used [0x00000000c0000000,0x00000000e3a37048,0x00000000e3a80000)
 Metaspace       used 95459K, committed 97344K, reserved 1179648K
  class space    used 9828K, committed 10688K, reserved 1048576K
}
Event: 776.571 GC heap before
{Heap before GC invocations=1564 (full 6):
 PSYoungGen      total 9216K, used 8644K [0x00000000eab00000, 0x00000000ebd00000, 0x0000000100000000)
  eden space 5120K, 98% used [0x00000000eab00000,0x00000000eafe92c0,0x00000000eb000000)
  from space 4096K, 88% used [0x00000000eb900000,0x00000000ebc88000,0x00000000ebd00000)
  to   space 5632K, 0% used [0x00000000eb200000,0x00000000eb200000,0x00000000eb780000)
 ParOldGen       total 584192K, used 583900K [0x00000000c0000000, 0x00000000e3a80000, 0x00000000eab00000)
  object space 584192K, 99% used [0x00000000c0000000,0x00000000e3a37048,0x00000000e3a80000)
 Metaspace       used 95468K, committed 97344K, reserved 1179648K
  class space    used 9829K, committed 10688K, reserved 1048576K
}
Event: 777.306 GC heap after
{Heap after GC invocations=1564 (full 6):
 PSYoungGen      total 10752K, used 5632K [0x00000000eab00000, 0x00000000ebe00000, 0x0000000100000000)
  eden space 5120K, 0% used [0x00000000eab00000,0x00000000eab00000,0x00000000eb000000)
  from space 5632K, 100% used [0x00000000eb200000,0x00000000eb780000,0x00000000eb780000)
  to   space 6656K, 0% used [0x00000000eb780000,0x00000000eb780000,0x00000000ebe00000)
 ParOldGen       total 584704K, used 584484K [0x00000000c0000000, 0x00000000e3b00000, 0x00000000eab00000)
  object space 584704K, 99% used [0x00000000c0000000,0x00000000e3ac9048,0x00000000e3b00000)
 Metaspace       used 95468K, committed 97344K, reserved 1179648K
  class space    used 9829K, committed 10688K, reserved 1048576K
}
Event: 778.498 GC heap before
{Heap before GC invocations=1565 (full 6):
 PSYoungGen      total 10752K, used 10752K [0x00000000eab00000, 0x00000000ebe00000, 0x0000000100000000)
  eden space 5120K, 100% used [0x00000000eab00000,0x00000000eb000000,0x00000000eb000000)
  from space 5632K, 100% used [0x00000000eb200000,0x00000000eb780000,0x00000000eb780000)
  to   space 6656K, 0% used [0x00000000eb780000,0x00000000eb780000,0x00000000ebe00000)
 ParOldGen       total 584704K, used 584484K [0x00000000c0000000, 0x00000000e3b00000, 0x00000000eab00000)
  object space 584704K, 99% used [0x00000000c0000000,0x00000000e3ac9048,0x00000000e3b00000)
 Metaspace       used 95472K, committed 97344K, reserved 1179648K
  class space    used 9829K, committed 10688K, reserved 1048576K
}
Event: 778.515 GC heap after
{Heap after GC invocations=1565 (full 6):
 PSYoungGen      total 5632K, used 128K [0x00000000eab00000, 0x00000000eb800000, 0x0000000100000000)
  eden space 5120K, 0% used [0x00000000eab00000,0x00000000eab00000,0x00000000eb000000)
  from space 512K, 25% used [0x00000000eb780000,0x00000000eb7a0000,0x00000000eb800000)
  to   space 2560K, 0% used [0x00000000eb300000,0x00000000eb300000,0x00000000eb580000)
 ParOldGen       total 590336K, used 590044K [0x00000000c0000000, 0x00000000e4080000, 0x00000000eab00000)
  object space 590336K, 99% used [0x00000000c0000000,0x00000000e4037048,0x00000000e4080000)
 Metaspace       used 95472K, committed 97344K, reserved 1179648K
  class space    used 9829K, committed 10688K, reserved 1048576K
}
Event: 819.515 GC heap before
{Heap before GC invocations=1566 (full 6):
 PSYoungGen      total 5632K, used 5248K [0x00000000eab00000, 0x00000000eb800000, 0x0000000100000000)
  eden space 5120K, 100% used [0x00000000eab00000,0x00000000eb000000,0x00000000eb000000)
  from space 512K, 25% used [0x00000000eb780000,0x00000000eb7a0000,0x00000000eb800000)
  to   space 2560K, 0% used [0x00000000eb300000,0x00000000eb300000,0x00000000eb580000)
 ParOldGen       total 590336K, used 590044K [0x00000000c0000000, 0x00000000e4080000, 0x00000000eab00000)
  object space 590336K, 99% used [0x00000000c0000000,0x00000000e4037048,0x00000000e4080000)
 Metaspace       used 95487K, committed 97344K, reserved 1179648K
  class space    used 9829K, committed 10688K, reserved 1048576K
}
Event: 819.995 GC heap after
{Heap after GC invocations=1566 (full 6):
 PSYoungGen      total 7680K, used 128K [0x00000000eab00000, 0x00000000eb800000, 0x0000000100000000)
  eden space 5120K, 0% used [0x00000000eab00000,0x00000000eab00000,0x00000000eb000000)
  from space 2560K, 5% used [0x00000000eb300000,0x00000000eb320000,0x00000000eb580000)
  to   space 512K, 0% used [0x00000000eb780000,0x00000000eb780000,0x00000000eb800000)
 ParOldGen       total 590336K, used 590052K [0x00000000c0000000, 0x00000000e4080000, 0x00000000eab00000)
  object space 590336K, 99% used [0x00000000c0000000,0x00000000e4039048,0x00000000e4080000)
 Metaspace       used 95487K, committed 97344K, reserved 1179648K
  class space    used 9829K, committed 10688K, reserved 1048576K
}
Event: 859.784 GC heap before
{Heap before GC invocations=1567 (full 6):
 PSYoungGen      total 7680K, used 5248K [0x00000000eab00000, 0x00000000eb800000, 0x0000000100000000)
  eden space 5120K, 100% used [0x00000000eab00000,0x00000000eb000000,0x00000000eb000000)
  from space 2560K, 5% used [0x00000000eb300000,0x00000000eb320000,0x00000000eb580000)
  to   space 512K, 0% used [0x00000000eb780000,0x00000000eb780000,0x00000000eb800000)
 ParOldGen       total 590336K, used 590052K [0x00000000c0000000, 0x00000000e4080000, 0x00000000eab00000)
  object space 590336K, 99% used [0x00000000c0000000,0x00000000e4039048,0x00000000e4080000)
 Metaspace       used 95492K, committed 97344K, reserved 1179648K
  class space    used 9829K, committed 10688K, reserved 1048576K
}
Event: 860.174 GC heap after
{Heap after GC invocations=1567 (full 6):
 PSYoungGen      total 5632K, used 484K [0x00000000eab00000, 0x00000000eb800000, 0x0000000100000000)
  eden space 5120K, 0% used [0x00000000eab00000,0x00000000eab00000,0x00000000eb000000)
  from space 512K, 94% used [0x00000000eb780000,0x00000000eb7f9210,0x00000000eb800000)
  to   space 1024K, 0% used [0x00000000eb600000,0x00000000eb600000,0x00000000eb700000)
 ParOldGen       total 590336K, used 590188K [0x00000000c0000000, 0x00000000e4080000, 0x00000000eab00000)
  object space 590336K, 99% used [0x00000000c0000000,0x00000000e405b048,0x00000000e4080000)
 Metaspace       used 95492K, committed 97344K, reserved 1179648K
  class space    used 9829K, committed 10688K, reserved 1048576K
}

Dll operation events (14 events):
Event: 0.043 Loaded shared library c:\Users\adithya\.vscode\extensions\redhat.java-1.41.0-win32-x64\jre\21.0.6-win32-x86_64\bin\java.dll
Event: 0.408 Loaded shared library c:\Users\adithya\.vscode\extensions\redhat.java-1.41.0-win32-x64\jre\21.0.6-win32-x86_64\bin\zip.dll
Event: 0.452 Loaded shared library C:\Users\adithya\.vscode\extensions\redhat.java-1.41.0-win32-x64\jre\21.0.6-win32-x86_64\bin\instrument.dll
Event: 0.473 Loaded shared library C:\Users\adithya\.vscode\extensions\redhat.java-1.41.0-win32-x64\jre\21.0.6-win32-x86_64\bin\net.dll
Event: 0.477 Loaded shared library C:\Users\adithya\.vscode\extensions\redhat.java-1.41.0-win32-x64\jre\21.0.6-win32-x86_64\bin\nio.dll
Event: 0.482 Loaded shared library C:\Users\adithya\.vscode\extensions\redhat.java-1.41.0-win32-x64\jre\21.0.6-win32-x86_64\bin\zip.dll
Event: 0.554 Loaded shared library C:\Users\adithya\.vscode\extensions\redhat.java-1.41.0-win32-x64\jre\21.0.6-win32-x86_64\bin\jimage.dll
Event: 0.798 Loaded shared library c:\Users\adithya\.vscode\extensions\redhat.java-1.41.0-win32-x64\jre\21.0.6-win32-x86_64\bin\verify.dll
Event: 17.204 Loaded shared library C:\Users\adithya\AppData\Roaming\Code\User\globalStorage\redhat.java\1.41.0\config_win\org.eclipse.equinox.launcher\org.eclipse.equinox.launcher.win32.win32.x86_64_1.2.1300.v20250325-0811\eclipse_11911.dll
Event: 41.405 Loaded shared library C:\Users\adithya\.vscode\extensions\redhat.java-1.41.0-win32-x64\jre\21.0.6-win32-x86_64\bin\management.dll
Event: 41.431 Loaded shared library C:\Users\adithya\.vscode\extensions\redhat.java-1.41.0-win32-x64\jre\21.0.6-win32-x86_64\bin\management_ext.dll
Event: 63.271 Loaded shared library C:\Users\adithya\AppData\Local\Temp\jna--1143011806\jna581613254635985529.dll
Event: 65.655 Loaded shared library C:\Users\adithya\.vscode\extensions\redhat.java-1.41.0-win32-x64\jre\21.0.6-win32-x86_64\bin\sunmscapi.dll
Event: 66.095 Loaded shared library C:\Users\adithya\.vscode\extensions\redhat.java-1.41.0-win32-x64\jre\21.0.6-win32-x86_64\bin\extnet.dll

Deoptimization events (20 events):
Event: 778.881 Thread 0x000001fdec732e70 DEOPT PACKING pc=0x000001fd9b97b448 sp=0x0000004e4d3feff0
Event: 778.882 Thread 0x000001fdec732e70 DEOPT UNPACKING pc=0x000001fd9a536da2 sp=0x0000004e4d3fef28 mode 2
Event: 779.173 Thread 0x000001fdec7327e0 Uncommon trap: trap_request=0xffffffde fr.pc=0x000001fd9b627620 relative=0x0000000000000820
Event: 779.173 Thread 0x000001fdec7327e0 Uncommon trap: reason=class_check action=maybe_recompile pc=0x000001fd9b627620 method=java.util.stream.ReduceOps.makeRef(Ljava/util/stream/Collector;)Ljava/util/stream/TerminalOp; @ 4 c2
Event: 779.173 Thread 0x000001fdec7327e0 DEOPT PACKING pc=0x000001fd9b627620 sp=0x0000004e4d6fe5c0
Event: 779.174 Thread 0x000001fdec7327e0 DEOPT UNPACKING pc=0x000001fd9a536da2 sp=0x0000004e4d6fe530 mode 2
Event: 779.179 Thread 0x000001fdec7327e0 Uncommon trap: trap_request=0xffffffde fr.pc=0x000001fd9b573e40 relative=0x0000000000000100
Event: 779.180 Thread 0x000001fdec7327e0 Uncommon trap: reason=class_check action=maybe_recompile pc=0x000001fd9b573e40 method=java.util.stream.ReduceOps$3.getOpFlags()I @ 4 c2
Event: 779.180 Thread 0x000001fdec7327e0 DEOPT PACKING pc=0x000001fd9b573e40 sp=0x0000004e4d6fe530
Event: 779.181 Thread 0x000001fdec7327e0 DEOPT UNPACKING pc=0x000001fd9a536da2 sp=0x0000004e4d6fe4c8 mode 2
Event: 779.184 Thread 0x000001fdec7327e0 Uncommon trap: trap_request=0xffffffde fr.pc=0x000001fd9b627620 relative=0x0000000000000820
Event: 779.184 Thread 0x000001fdec7327e0 Uncommon trap: reason=class_check action=maybe_recompile pc=0x000001fd9b627620 method=java.util.stream.ReduceOps.makeRef(Ljava/util/stream/Collector;)Ljava/util/stream/TerminalOp; @ 4 c2
Event: 779.184 Thread 0x000001fdec7327e0 DEOPT PACKING pc=0x000001fd9b627620 sp=0x0000004e4d6fe5c0
Event: 779.184 Thread 0x000001fdec7327e0 DEOPT UNPACKING pc=0x000001fd9a536da2 sp=0x0000004e4d6fe530 mode 2
Event: 779.184 Thread 0x000001fdec7327e0 Uncommon trap: trap_request=0xffffffde fr.pc=0x000001fd9b573e40 relative=0x0000000000000100
Event: 779.184 Thread 0x000001fdec7327e0 Uncommon trap: reason=class_check action=maybe_recompile pc=0x000001fd9b573e40 method=java.util.stream.ReduceOps$3.getOpFlags()I @ 4 c2
Event: 779.184 Thread 0x000001fdec7327e0 DEOPT PACKING pc=0x000001fd9b573e40 sp=0x0000004e4d6fe530
Event: 779.184 Thread 0x000001fdec7327e0 DEOPT UNPACKING pc=0x000001fd9a536da2 sp=0x0000004e4d6fe4c8 mode 2
Event: 860.673 Thread 0x000001fded71c620 DEOPT PACKING pc=0x000001fd951f1b80 sp=0x0000004e4d2fe260
Event: 860.693 Thread 0x000001fded71c620 DEOPT UNPACKING pc=0x000001fd9a5378e2 sp=0x0000004e4d2fd678 mode 0

Classes loaded (20 events):
Event: 536.319 Loading class java/lang/VerifyError
Event: 536.320 Loading class java/lang/VerifyError done
Event: 536.321 Loading class java/lang/ClassCircularityError
Event: 536.322 Loading class java/lang/ClassCircularityError done
Event: 537.496 Loading class java/nio/file/TempFileHelper
Event: 537.497 Loading class java/nio/file/TempFileHelper done
Event: 537.540 Loading class java/util/stream/SliceOps
Event: 537.542 Loading class java/util/stream/SliceOps done
Event: 537.542 Loading class java/util/stream/SliceOps$1
Event: 537.544 Loading class java/util/stream/SliceOps$1 done
Event: 537.568 Loading class java/util/stream/SliceOps$1$1
Event: 537.569 Loading class java/util/stream/SliceOps$1$1 done
Event: 538.093 Loading class java/util/concurrent/ScheduledThreadPoolExecutor$DelayedWorkQueue$Itr
Event: 538.094 Loading class java/util/concurrent/ScheduledThreadPoolExecutor$DelayedWorkQueue$Itr done
Event: 545.440 Loading class java/lang/ProcessHandleImpl$ExitCompletion
Event: 545.445 Loading class java/lang/ProcessHandleImpl$ExitCompletion done
Event: 545.448 Loading class java/lang/ProcessHandleImpl$1
Event: 545.455 Loading class java/lang/ProcessHandleImpl$1 done
Event: 618.094 Loading class javax/xml/transform/TransformerConfigurationException
Event: 618.101 Loading class javax/xml/transform/TransformerConfigurationException done

Classes unloaded (15 events):
Event: 49.750 Thread 0x000001fd8fe7ebd0 Unloading class 0x000001fda523c800 'java/lang/invoke/LambdaForm$MH+0x000001fda523c800'
Event: 49.751 Thread 0x000001fd8fe7ebd0 Unloading class 0x000001fda519c400 'java/lang/invoke/LambdaForm$MH+0x000001fda519c400'
Event: 49.751 Thread 0x000001fd8fe7ebd0 Unloading class 0x000001fda519c000 'java/lang/invoke/LambdaForm$MH+0x000001fda519c000'
Event: 49.751 Thread 0x000001fd8fe7ebd0 Unloading class 0x000001fda519bc00 'java/lang/invoke/LambdaForm$MH+0x000001fda519bc00'
Event: 49.751 Thread 0x000001fd8fe7ebd0 Unloading class 0x000001fda519b800 'java/lang/invoke/LambdaForm$MH+0x000001fda519b800'
Event: 49.751 Thread 0x000001fd8fe7ebd0 Unloading class 0x000001fda519b400 'java/lang/invoke/LambdaForm$BMH+0x000001fda519b400'
Event: 49.751 Thread 0x000001fd8fe7ebd0 Unloading class 0x000001fda519b000 'java/lang/invoke/LambdaForm$DMH+0x000001fda519b000'
Event: 49.751 Thread 0x000001fd8fe7ebd0 Unloading class 0x000001fda5199c00 'java/lang/invoke/LambdaForm$DMH+0x000001fda5199c00'
Event: 81.814 Thread 0x000001fd8fe7ebd0 Unloading class 0x000001fda563d000 'java/lang/invoke/LambdaForm$DMH+0x000001fda563d000'
Event: 81.814 Thread 0x000001fd8fe7ebd0 Unloading class 0x000001fda563cc00 'java/lang/invoke/LambdaForm$DMH+0x000001fda563cc00'
Event: 81.814 Thread 0x000001fd8fe7ebd0 Unloading class 0x000001fda563c800 'java/lang/invoke/LambdaForm$DMH+0x000001fda563c800'
Event: 81.814 Thread 0x000001fd8fe7ebd0 Unloading class 0x000001fda563c400 'java/lang/invoke/LambdaForm$DMH+0x000001fda563c400'
Event: 162.083 Thread 0x000001fd8fe7ebd0 Unloading class 0x000001fda5735000 'java/lang/invoke/LambdaForm$MH+0x000001fda5735000'
Event: 162.084 Thread 0x000001fd8fe7ebd0 Unloading class 0x000001fda5734800 'java/lang/invoke/LambdaForm$MH+0x000001fda5734800'
Event: 162.084 Thread 0x000001fd8fe7ebd0 Unloading class 0x000001fda5734000 'java/lang/invoke/LambdaForm$MH+0x000001fda5734000'

Classes redefined (0 events):
No events

Internal exceptions (20 events):
Event: 720.299 Thread 0x000001fded71ccb0 Exception <a 'java/lang/ClassNotFoundException'{0x00000000eab822e8}: sun/net/www/protocol/jdt/Handler> (0x00000000eab822e8) 
thrown [s\src\hotspot\share\classfile\systemDictionary.cpp, line 312]
Event: 720.299 Thread 0x000001fded71ccb0 Exception <a 'java/lang/ClassNotFoundException'{0x00000000eab95d58}: sun/net/www/protocol/jdt/Handler> (0x00000000eab95d58) 
thrown [s\src\hotspot\share\classfile\systemDictionary.cpp, line 312]
Event: 720.299 Thread 0x000001fded71ccb0 Exception <a 'java/lang/ClassNotFoundException'{0x00000000eab98a70}: sun/net/www/protocol/jdt/Handler> (0x00000000eab98a70) 
thrown [s\src\hotspot\share\classfile\systemDictionary.cpp, line 312]
Event: 720.300 Thread 0x000001fded71ccb0 Exception <a 'java/lang/ClassNotFoundException'{0x00000000eab9b760}: sun/net/www/protocol/jdt/Handler> (0x00000000eab9b760) 
thrown [s\src\hotspot\share\classfile\systemDictionary.cpp, line 312]
Event: 734.638 Thread 0x000001fde5186820 Exception <a 'sun/nio/fs/WindowsException'{0x00000000eadf2888}> (0x00000000eadf2888) 
thrown [s\src\hotspot\share\prims\jni.cpp, line 520]
Event: 735.344 Thread 0x000001fde5186820 Exception <a 'sun/nio/fs/WindowsException'{0x00000000ead83c40}> (0x00000000ead83c40) 
thrown [s\src\hotspot\share\prims\jni.cpp, line 520]
Event: 752.109 Thread 0x000001fde5186820 Exception <a 'sun/nio/fs/WindowsException'{0x00000000eab43ca0}> (0x00000000eab43ca0) 
thrown [s\src\hotspot\share\prims\jni.cpp, line 520]
Event: 756.380 Thread 0x000001fde5186820 Exception <a 'sun/nio/fs/WindowsException'{0x00000000eab00570}> (0x00000000eab00570) 
thrown [s\src\hotspot\share\prims\jni.cpp, line 520]
Event: 762.926 Thread 0x000001fde5186820 Exception <a 'sun/nio/fs/WindowsException'{0x00000000eabb12d8}> (0x00000000eabb12d8) 
thrown [s\src\hotspot\share\prims\jni.cpp, line 520]
Event: 769.757 Thread 0x000001fde5186820 Exception <a 'sun/nio/fs/WindowsException'{0x00000000eae14378}> (0x00000000eae14378) 
thrown [s\src\hotspot\share\prims\jni.cpp, line 520]
Event: 776.200 Thread 0x000001fded71c620 Exception <a 'sun/nio/fs/WindowsException'{0x00000000eaf7b808}> (0x00000000eaf7b808) 
thrown [s\src\hotspot\share\prims\jni.cpp, line 520]
Event: 776.205 Thread 0x000001fded71c620 Exception <a 'sun/nio/fs/WindowsException'{0x00000000eaf7c0d0}> (0x00000000eaf7c0d0) 
thrown [s\src\hotspot\share\prims\jni.cpp, line 520]
Event: 776.213 Thread 0x000001fded71c620 Exception <a 'sun/nio/fs/WindowsException'{0x00000000eaf7d1d0}> (0x00000000eaf7d1d0) 
thrown [s\src\hotspot\share\prims\jni.cpp, line 520]
Event: 776.213 Thread 0x000001fded71c620 Exception <a 'sun/nio/fs/WindowsException'{0x00000000eaf7da98}> (0x00000000eaf7da98) 
thrown [s\src\hotspot\share\prims\jni.cpp, line 520]
Event: 776.229 Thread 0x000001fded71c620 Exception <a 'sun/nio/fs/WindowsException'{0x00000000eaf7f620}> (0x00000000eaf7f620) 
thrown [s\src\hotspot\share\prims\jni.cpp, line 520]
Event: 776.229 Thread 0x000001fded71c620 Exception <a 'sun/nio/fs/WindowsException'{0x00000000eaf7fc38}> (0x00000000eaf7fc38) 
thrown [s\src\hotspot\share\prims\jni.cpp, line 520]
Event: 776.485 Thread 0x000001fded71c620 Exception <a 'sun/nio/fs/WindowsException'{0x00000000eaf9f590}> (0x00000000eaf9f590) 
thrown [s\src\hotspot\share\prims\jni.cpp, line 520]
Event: 776.485 Thread 0x000001fded71c620 Exception <a 'sun/nio/fs/WindowsException'{0x00000000eaf9fe58}> (0x00000000eaf9fe58) 
thrown [s\src\hotspot\share\prims\jni.cpp, line 520]
Event: 779.143 Thread 0x000001fdec7327e0 Exception <a 'sun/nio/fs/WindowsException'{0x00000000eab661e8}> (0x00000000eab661e8) 
thrown [s\src\hotspot\share\prims\jni.cpp, line 520]
Event: 779.148 Thread 0x000001fdec7327e0 Exception <a 'sun/nio/fs/WindowsException'{0x00000000eab66878}> (0x00000000eab66878) 
thrown [s\src\hotspot\share\prims\jni.cpp, line 520]

ZGC Phase Switch (0 events):
No events

VM Operations (20 events):
Event: 780.520 Executing VM operation: Cleanup
Event: 780.520 Executing VM operation: Cleanup done
Event: 786.416 Executing VM operation: HandshakeAllThreads (HandshakeForDeflation)
Event: 786.416 Executing VM operation: HandshakeAllThreads (HandshakeForDeflation) done
Event: 786.416 Executing VM operation: RendezvousGCThreads
Event: 786.416 Executing VM operation: RendezvousGCThreads done
Event: 812.606 Executing VM operation: Cleanup
Event: 812.607 Executing VM operation: Cleanup done
Event: 819.514 Executing VM operation: ParallelGCFailedAllocation (Allocation Failure)
Event: 819.996 Executing VM operation: ParallelGCFailedAllocation (Allocation Failure) done
Event: 820.996 Executing VM operation: Cleanup
Event: 820.996 Executing VM operation: Cleanup done
Event: 846.563 Executing VM operation: HandshakeAllThreads (HandshakeForDeflation)
Event: 846.567 Executing VM operation: HandshakeAllThreads (HandshakeForDeflation) done
Event: 846.567 Executing VM operation: RendezvousGCThreads
Event: 846.567 Executing VM operation: RendezvousGCThreads done
Event: 859.782 Executing VM operation: ParallelGCFailedAllocation (Allocation Failure)
Event: 860.174 Executing VM operation: ParallelGCFailedAllocation (Allocation Failure) done
Event: 861.177 Executing VM operation: Cleanup
Event: 861.178 Executing VM operation: Cleanup done

Memory protections (0 events):
No events

Nmethod flushes (20 events):
Event: 484.706 Thread 0x000001fd8fe7ebd0 flushing  nmethod 0x000001fd95119b10
Event: 484.706 Thread 0x000001fd8fe7ebd0 flushing  nmethod 0x000001fd9511a290
Event: 484.706 Thread 0x000001fd8fe7ebd0 flushing  nmethod 0x000001fd95128490
Event: 484.706 Thread 0x000001fd8fe7ebd0 flushing  nmethod 0x000001fd95179690
Event: 484.706 Thread 0x000001fd8fe7ebd0 flushing  nmethod 0x000001fd95251810
Event: 484.706 Thread 0x000001fd8fe7ebd0 flushing  nmethod 0x000001fd95254490
Event: 484.706 Thread 0x000001fd8fe7ebd0 flushing  nmethod 0x000001fd95254a90
Event: 484.706 Thread 0x000001fd8fe7ebd0 flushing  nmethod 0x000001fd95272010
Event: 484.706 Thread 0x000001fd8fe7ebd0 flushing  nmethod 0x000001fd95280410
Event: 484.707 Thread 0x000001fd8fe7ebd0 flushing  nmethod 0x000001fd9528e610
Event: 484.707 Thread 0x000001fd8fe7ebd0 flushing  nmethod 0x000001fd952a0090
Event: 484.707 Thread 0x000001fd8fe7ebd0 flushing  nmethod 0x000001fd952a3510
Event: 484.707 Thread 0x000001fd8fe7ebd0 flushing  nmethod 0x000001fd952b6390
Event: 484.707 Thread 0x000001fd8fe7ebd0 flushing  nmethod 0x000001fd952d9290
Event: 484.707 Thread 0x000001fd8fe7ebd0 flushing osr nmethod 0x000001fd95304e10
Event: 484.708 Thread 0x000001fd8fe7ebd0 flushing  nmethod 0x000001fd9531a590
Event: 484.708 Thread 0x000001fd8fe7ebd0 flushing  nmethod 0x000001fd953ccd10
Event: 484.708 Thread 0x000001fd8fe7ebd0 flushing  nmethod 0x000001fd9546ab90
Event: 484.708 Thread 0x000001fd8fe7ebd0 flushing  nmethod 0x000001fd9546bf90
Event: 484.708 Thread 0x000001fd8fe7ebd0 flushing  nmethod 0x000001fd9546dc90

Events (20 events):
Event: 752.131 Thread 0x000001fdea5fecb0 Thread added: 0x000001fdea6027c0
Event: 754.057 Thread 0x000001fdea5fecb0 Thread added: 0x000001fdea5fcbe0
Event: 754.876 Thread 0x000001fdea600d80 Thread added: 0x000001fdec730da0
Event: 778.735 Thread 0x000001fdea5fb830 Thread added: 0x000001fdec732e70
Event: 778.915 Thread 0x000001fdec732e70 Thread added: 0x000001fdec7327e0
Event: 779.198 Thread 0x000001fdec7327e0 Thread added: 0x000001fdec733500
Event: 779.539 Thread 0x000001fdec732e70 Thread added: 0x000001fdec72cc00
Event: 779.549 Thread 0x000001fdec733500 Thread exited: 0x000001fdec733500
Event: 782.043 Thread 0x000001fdec72cc00 Thread added: 0x000001fdec72c570
Event: 782.054 Thread 0x000001fdec72cc00 Thread exited: 0x000001fdec72cc00
Event: 782.387 Thread 0x000001fdec7327e0 Thread exited: 0x000001fdec7327e0
Event: 812.423 Thread 0x000001fdec732e70 Thread exited: 0x000001fdec732e70
Event: 823.992 Thread 0x000001fdea602e50 Thread exited: 0x000001fdea602e50
Event: 828.605 Thread 0x000001fdea5fd270 Thread exited: 0x000001fdea5fd270
Event: 828.607 Thread 0x000001fdea600d80 Thread exited: 0x000001fdea600d80
Event: 828.607 Thread 0x000001fde5184750 Thread exited: 0x000001fde5184750
Event: 828.649 Thread 0x000001fdea5fecb0 Thread exited: 0x000001fdea5fecb0
Event: 829.786 Thread 0x000001fdea5fcbe0 Thread exited: 0x000001fdea5fcbe0
Event: 829.898 Thread 0x000001fdea6027c0 Thread exited: 0x000001fdea6027c0
Event: 842.177 Thread 0x000001fdec72c570 Thread exited: 0x000001fdec72c570


Dynamic libraries:
0x00007ff71abf0000 - 0x00007ff71abfe000 	c:\Users\adithya\.vscode\extensions\redhat.java-1.41.0-win32-x64\jre\21.0.6-win32-x86_64\bin\java.exe
0x00007ff812bb0000 - 0x00007ff812dc7000 	C:\WINDOWS\SYSTEM32\ntdll.dll
0x00007ff812030000 - 0x00007ff8120f4000 	C:\WINDOWS\System32\KERNEL32.DLL
0x00007ff80ff60000 - 0x00007ff81031a000 	C:\WINDOWS\System32\KERNELBASE.dll
0x00007ff8105e0000 - 0x00007ff8106f1000 	C:\WINDOWS\System32\ucrtbase.dll
0x00007ff8043a0000 - 0x00007ff8043b8000 	c:\Users\adithya\.vscode\extensions\redhat.java-1.41.0-win32-x64\jre\21.0.6-win32-x86_64\bin\jli.dll
0x00007fffead40000 - 0x00007fffead5e000 	c:\Users\adithya\.vscode\extensions\redhat.java-1.41.0-win32-x64\jre\21.0.6-win32-x86_64\bin\VCRUNTIME140.dll
0x00007ff812760000 - 0x00007ff81290e000 	C:\WINDOWS\System32\USER32.dll
0x00007ffffae20000 - 0x00007ffffb0b2000 	C:\WINDOWS\WinSxS\amd64_microsoft.windows.common-controls_6595b64144ccf1df_6.0.22621.4541_none_2710d1c57384c085\COMCTL32.dll
0x00007ff80ff30000 - 0x00007ff80ff56000 	C:\WINDOWS\System32\win32u.dll
0x00007ff812270000 - 0x00007ff812317000 	C:\WINDOWS\System32\msvcrt.dll
0x00007ff812b40000 - 0x00007ff812b69000 	C:\WINDOWS\System32\GDI32.dll
0x00007ff8104c0000 - 0x00007ff8105db000 	C:\WINDOWS\System32\gdi32full.dll
0x00007ff810320000 - 0x00007ff8103ba000 	C:\WINDOWS\System32\msvcp_win.dll
0x00007ff812320000 - 0x00007ff812351000 	C:\WINDOWS\System32\IMM32.DLL
0x00007ff804000000 - 0x00007ff80400c000 	c:\Users\adithya\.vscode\extensions\redhat.java-1.41.0-win32-x64\jre\21.0.6-win32-x86_64\bin\vcruntime140_1.dll
0x00007fffc51d0000 - 0x00007fffc525d000 	c:\Users\adithya\.vscode\extensions\redhat.java-1.41.0-win32-x64\jre\21.0.6-win32-x86_64\bin\msvcp140.dll
0x00007fff79950000 - 0x00007fff7a6e0000 	c:\Users\adithya\.vscode\extensions\redhat.java-1.41.0-win32-x64\jre\21.0.6-win32-x86_64\bin\server\jvm.dll
0x00007ff812380000 - 0x00007ff812432000 	C:\WINDOWS\System32\ADVAPI32.dll
0x00007ff811af0000 - 0x00007ff811b97000 	C:\WINDOWS\System32\sechost.dll
0x00007ff810700000 - 0x00007ff810728000 	C:\WINDOWS\System32\bcrypt.dll
0x00007ff812640000 - 0x00007ff812754000 	C:\WINDOWS\System32\RPCRT4.dll
0x00007ff811fb0000 - 0x00007ff812021000 	C:\WINDOWS\System32\WS2_32.dll
0x00007ff80fd40000 - 0x00007ff80fd8d000 	C:\WINDOWS\SYSTEM32\POWRPROF.dll
0x00007ff806870000 - 0x00007ff8068a4000 	C:\WINDOWS\SYSTEM32\WINMM.dll
0x00007ff808200000 - 0x00007ff80820a000 	C:\WINDOWS\SYSTEM32\VERSION.dll
0x00007ff80fc70000 - 0x00007ff80fc83000 	C:\WINDOWS\SYSTEM32\UMPDC.dll
0x00007ff80eeb0000 - 0x00007ff80eec8000 	C:\WINDOWS\SYSTEM32\kernel.appcore.dll
0x00007ff803810000 - 0x00007ff80381a000 	c:\Users\adithya\.vscode\extensions\redhat.java-1.41.0-win32-x64\jre\21.0.6-win32-x86_64\bin\jimage.dll
0x00007ff80d6b0000 - 0x00007ff80d8e2000 	C:\WINDOWS\SYSTEM32\DBGHELP.DLL
0x00007ff811750000 - 0x00007ff811ae1000 	C:\WINDOWS\System32\combase.dll
0x00007ff812560000 - 0x00007ff812637000 	C:\WINDOWS\System32\OLEAUT32.dll
0x00007ff804d40000 - 0x00007ff804d72000 	C:\WINDOWS\SYSTEM32\dbgcore.DLL
0x00007ff8103c0000 - 0x00007ff81043b000 	C:\WINDOWS\System32\bcryptPrimitives.dll
0x00007ffff9560000 - 0x00007ffff956f000 	c:\Users\adithya\.vscode\extensions\redhat.java-1.41.0-win32-x64\jre\21.0.6-win32-x86_64\bin\instrument.dll
0x00007fffead20000 - 0x00007fffead3f000 	c:\Users\adithya\.vscode\extensions\redhat.java-1.41.0-win32-x64\jre\21.0.6-win32-x86_64\bin\java.dll
0x00007ff810ed0000 - 0x00007ff811749000 	C:\WINDOWS\System32\SHELL32.dll
0x00007ff80ddb0000 - 0x00007ff80e6b9000 	C:\WINDOWS\SYSTEM32\windows.storage.dll
0x00007ff80dc70000 - 0x00007ff80ddaf000 	C:\WINDOWS\SYSTEM32\wintypes.dll
0x00007ff811bb0000 - 0x00007ff811caa000 	C:\WINDOWS\System32\SHCORE.dll
0x00007ff812910000 - 0x00007ff81296e000 	C:\WINDOWS\System32\shlwapi.dll
0x00007ff80fda0000 - 0x00007ff80fdcb000 	C:\WINDOWS\SYSTEM32\profapi.dll
0x00007fffead00000 - 0x00007fffead18000 	c:\Users\adithya\.vscode\extensions\redhat.java-1.41.0-win32-x64\jre\21.0.6-win32-x86_64\bin\zip.dll
0x00007ffff4f80000 - 0x00007ffff4f90000 	C:\Users\adithya\.vscode\extensions\redhat.java-1.41.0-win32-x64\jre\21.0.6-win32-x86_64\bin\net.dll
0x00007ff8097d0000 - 0x00007ff809906000 	C:\WINDOWS\SYSTEM32\WINHTTP.dll
0x00007ff80f330000 - 0x00007ff80f399000 	C:\WINDOWS\system32\mswsock.dll
0x00007fffe8410000 - 0x00007fffe8426000 	C:\Users\adithya\.vscode\extensions\redhat.java-1.41.0-win32-x64\jre\21.0.6-win32-x86_64\bin\nio.dll
0x00007ffff07c0000 - 0x00007ffff07d0000 	c:\Users\adithya\.vscode\extensions\redhat.java-1.41.0-win32-x64\jre\21.0.6-win32-x86_64\bin\verify.dll
0x00007fffc2370000 - 0x00007fffc23b5000 	C:\Users\adithya\AppData\Roaming\Code\User\globalStorage\redhat.java\1.41.0\config_win\org.eclipse.equinox.launcher\org.eclipse.equinox.launcher.win32.win32.x86_64_1.2.1300.v20250325-0811\eclipse_11911.dll
0x00007ff8108a0000 - 0x00007ff810a45000 	C:\WINDOWS\System32\ole32.dll
0x00007fffeb750000 - 0x00007fffeb75a000 	C:\Users\adithya\.vscode\extensions\redhat.java-1.41.0-win32-x64\jre\21.0.6-win32-x86_64\bin\management.dll
0x00007fffeb580000 - 0x00007fffeb58b000 	C:\Users\adithya\.vscode\extensions\redhat.java-1.41.0-win32-x64\jre\21.0.6-win32-x86_64\bin\management_ext.dll
0x00007ff811ba0000 - 0x00007ff811ba8000 	C:\WINDOWS\System32\PSAPI.DLL
0x00007ff80f580000 - 0x00007ff80f59b000 	C:\WINDOWS\SYSTEM32\CRYPTSP.dll
0x00007ff80ee10000 - 0x00007ff80ee45000 	C:\WINDOWS\system32\rsaenh.dll
0x00007ff80f420000 - 0x00007ff80f448000 	C:\WINDOWS\SYSTEM32\USERENV.dll
0x00007ff80f5a0000 - 0x00007ff80f5ac000 	C:\WINDOWS\SYSTEM32\CRYPTBASE.dll
0x00007ff80e910000 - 0x00007ff80e93d000 	C:\WINDOWS\SYSTEM32\IPHLPAPI.DLL
0x00007ff812450000 - 0x00007ff812459000 	C:\WINDOWS\System32\NSI.dll
0x00007fffc4a30000 - 0x00007fffc4a79000 	C:\Users\adithya\AppData\Local\Temp\jna--1143011806\jna581613254635985529.dll
0x00007ff8086e0000 - 0x00007ff8086f9000 	C:\WINDOWS\SYSTEM32\dhcpcsvc6.DLL
0x00007ff8086c0000 - 0x00007ff8086df000 	C:\WINDOWS\SYSTEM32\dhcpcsvc.DLL
0x00007fffeb440000 - 0x00007fffeb44e000 	C:\Users\adithya\.vscode\extensions\redhat.java-1.41.0-win32-x64\jre\21.0.6-win32-x86_64\bin\sunmscapi.dll
0x00007ff810730000 - 0x00007ff810896000 	C:\WINDOWS\System32\CRYPT32.dll
0x00007ff80f720000 - 0x00007ff80f74d000 	C:\WINDOWS\SYSTEM32\ncrypt.dll
0x00007ff80f6e0000 - 0x00007ff80f717000 	C:\WINDOWS\SYSTEM32\NTASN1.dll
0x00007ff80e940000 - 0x00007ff80ea42000 	C:\WINDOWS\SYSTEM32\DNSAPI.dll
0x00007ff808260000 - 0x00007ff80826a000 	C:\Windows\System32\rasadhlp.dll
0x00007ff8056f0000 - 0x00007ff805773000 	C:\WINDOWS\System32\fwpuclnt.dll
0x00007fffeb3e0000 - 0x00007fffeb3e9000 	C:\Users\adithya\.vscode\extensions\redhat.java-1.41.0-win32-x64\jre\21.0.6-win32-x86_64\bin\extnet.dll
0x00007fff9c6d0000 - 0x00007fff9c6d8000 	C:\WINDOWS\system32\wshunix.dll

dbghelp: loaded successfully - version: 4.0.5 - missing functions: none
symbol engine: initialized successfully - sym options: 0x614 - pdb path: .;c:\Users\adithya\.vscode\extensions\redhat.java-1.41.0-win32-x64\jre\21.0.6-win32-x86_64\bin;C:\WINDOWS\SYSTEM32;C:\WINDOWS\WinSxS\amd64_microsoft.windows.common-controls_6595b64144ccf1df_6.0.22621.4541_none_2710d1c57384c085;c:\Users\adithya\.vscode\extensions\redhat.java-1.41.0-win32-x64\jre\21.0.6-win32-x86_64\bin\server;C:\Users\adithya\AppData\Roaming\Code\User\globalStorage\redhat.java\1.41.0\config_win\org.eclipse.equinox.launcher\org.eclipse.equinox.launcher.win32.win32.x86_64_1.2.1300.v20250325-0811;C:\Users\adithya\AppData\Local\Temp\jna--1143011806

VM Arguments:
jvm_args: --add-modules=ALL-SYSTEM --add-opens=java.base/java.util=ALL-UNNAMED --add-opens=java.base/java.lang=ALL-UNNAMED --add-opens=java.base/sun.nio.fs=ALL-UNNAMED -Declipse.application=org.eclipse.jdt.ls.core.id1 -Dosgi.bundles.defaultStartLevel=4 -Declipse.product=org.eclipse.jdt.ls.core.product -Djava.import.generatesMetadataFilesAtProjectRoot=false -DDetectVMInstallationsJob.disabled=true -Dfile.encoding=utf8 -XX:+UseParallelGC -XX:GCTimeRatio=4 -XX:AdaptiveSizePolicyWeight=90 -Dsun.zip.disableMemoryMapping=true -Xmx1G -Xms100m -Xlog:disable -javaagent:c:\Users\adithya\.vscode\extensions\redhat.java-1.41.0-win32-x64\lombok\lombok-1.18.36.jar -XX:+HeapDumpOnOutOfMemoryError -XX:HeapDumpPath=c:\Users\adithya\AppData\Roaming\Code\User\workspaceStorage\a4de8c08ad26d0e8134a18c52f79ac08\redhat.java -Daether.dependencyCollector.impl=bf 
java_command: c:\Users\adithya\.vscode\extensions\redhat.java-1.41.0-win32-x64\server\plugins\org.eclipse.equinox.launcher_1.6.1100.v20250306-0509.jar -configuration c:\Users\adithya\AppData\Roaming\Code\User\globalStorage\redhat.java\1.41.0\config_win -data c:\Users\adithya\AppData\Roaming\Code\User\workspaceStorage\a4de8c08ad26d0e8134a18c52f79ac08\redhat.java\jdt_ws --pipe=\\.\pipe\lsp-942e30c57de688ecc7e1be377a7e8d1d-sock
java_class_path (initial): c:\Users\adithya\.vscode\extensions\redhat.java-1.41.0-win32-x64\server\plugins\org.eclipse.equinox.launcher_1.6.1100.v20250306-0509.jar
Launcher Type: SUN_STANDARD

[Global flags]
    uintx AdaptiveSizePolicyWeight                 = 90                                        {product} {command line}
     intx CICompilerCount                          = 3                                         {product} {ergonomic}
    uintx GCTimeRatio                              = 4                                         {product} {command line}
     bool HeapDumpOnOutOfMemoryError               = true                                   {manageable} {command line}
    ccstr HeapDumpPath                             = c:\Users\adithya\AppData\Roaming\Code\User\workspaceStorage\a4de8c08ad26d0e8134a18c52f79ac08\redhat.java         {manageable} {command line}
   size_t InitialHeapSize                          = 104857600                                 {product} {command line}
   size_t MaxHeapSize                              = 1073741824                                {product} {command line}
   size_t MaxNewSize                               = 357564416                                 {product} {ergonomic}
   size_t MinHeapDeltaBytes                        = 524288                                    {product} {ergonomic}
   size_t MinHeapSize                              = 104857600                                 {product} {command line}
   size_t NewSize                                  = 34603008                                  {product} {ergonomic}
    uintx NonNMethodCodeHeapSize                   = 5832780                                {pd product} {ergonomic}
    uintx NonProfiledCodeHeapSize                  = 122912730                              {pd product} {ergonomic}
   size_t OldSize                                  = 70254592                                  {product} {ergonomic}
    uintx ProfiledCodeHeapSize                     = 122912730                              {pd product} {ergonomic}
    uintx ReservedCodeCacheSize                    = 251658240                              {pd product} {ergonomic}
     bool SegmentedCodeCache                       = true                                      {product} {ergonomic}
   size_t SoftMaxHeapSize                          = 1073741824                             {manageable} {ergonomic}
     bool UseCompressedOops                        = true                           {product lp64_product} {ergonomic}
     bool UseLargePagesIndividualAllocation        = false                                  {pd product} {ergonomic}
     bool UseParallelGC                            = true                                      {product} {command line}

Logging:
Log output configuration:
 #0: stdout all=off uptime,level,tags foldmultilines=false
 #1: stderr all=off uptime,level,tags foldmultilines=false

Environment Variables:
PATH=C:\Program Files (x86)\Google\Chrome\Application;C:\Program Files\Microsoft MPI\Bin\;C:\Program Files\Common Files\Oracle\Java\javapath;C:\WINDOWS\system32;C:\WINDOWS;C:\WINDOWS\System32\Wbem;C:\WINDOWS\System32\WindowsPowerShell\v1.0\;C:\WINDOWS\System32\OpenSSH\;C:\Program Files\dotnet\;C:\Program Files\nodejs\;C:\Program Files (x86)\Windows Kits\10\Windows Performance Toolkit\;C:\Users\adithya\AppData\Local\Microsoft\WindowsApps;C:\Users\adithya\.babun;C:\Users\adithya\AppData\Roaming\npm;C:\Users\adithya\AppData\Local\Programs\Microsoft VS Code\bin;C:\Users\adithya\AppData\Local\GitHubDesktop\bin
USERNAME=adithya
OS=Windows_NT
PROCESSOR_IDENTIFIER=Intel64 Family 6 Model 140 Stepping 1, GenuineIntel
TMP=C:\Users\adithya\AppData\Local\Temp
TEMP=C:\Users\adithya\AppData\Local\Temp




Periodic native trim disabled

---------------  S Y S T E M  ---------------

OS:
 Windows 11 , 64 bit Build 22621 (10.0.22621.4391)
OS uptime: 0 days 3:17 hours

CPU: total 4 (initial active 4) (2 cores per cpu, 2 threads per core) family 6 model 140 stepping 1 microcode 0xba, cx8, cmov, fxsr, ht, mmx, 3dnowpref, sse, sse2, sse3, ssse3, sse4.1, sse4.2, popcnt, lzcnt, tsc, tscinvbit, avx, avx2, aes, erms, clmul, bmi1, bmi2, adx, avx512f, avx512dq, avx512cd, avx512bw, avx512vl, sha, fma, vzeroupper, avx512_vpopcntdq, avx512_vpclmulqdq, avx512_vaes, avx512_vnni, clflush, clflushopt, clwb, avx512_vbmi2, avx512_vbmi, rdtscp, rdpid, fsrm, gfni, avx512_bitalg, f16c, pku, cet_ibt, cet_ss, avx512_ifma
Processor Information for the first 4 processors :
  Max Mhz: 2995, Current Mhz: 2995, Mhz Limit: 2995

Memory: 4k page, system-wide physical 3830M (34M free)
TotalPageFile size 15606M (AvailPageFile size 0M)
current process WorkingSet (physical memory assigned to process): 141M, peak: 331M
current process commit charge ("private bytes"): 903M, peak: 996M

vm_info: OpenJDK 64-Bit Server VM (21.0.6+7-LTS) for windows-amd64 JRE (21.0.6+7-LTS), built on 2025-01-21T00:00:00Z by "admin" with MS VC++ 17.7 (VS2022)

END.
